Copyright 1986-2018 Xilinx, Inc. All Rights Reserved.
-----------------------------------------------------------------------------------------------------------------------------------------------------------------
| Tool Version : Vivado v.2018.3 (win64) Build 2405991 Thu Dec  6 23:38:27 MST 2018
| Date         : Thu May 16 15:09:56 2019
| Host         : DESKTOP-GD1BPFN running 64-bit major release  (build 9200)
| Command      : report_methodology -file calc_func_methodology_drc_routed.rpt -pb calc_func_methodology_drc_routed.pb -rpx calc_func_methodology_drc_routed.rpx
| Design       : calc_func
| Device       : xc7a100tcsg324-2L
| Speed File   : -2L
| Design State : Fully Routed
-----------------------------------------------------------------------------------------------------------------------------------------------------------------

Report Methodology

Table of Contents
-----------------
1. REPORT SUMMARY
2. REPORT DETAILS

1. REPORT SUMMARY
-----------------
            Netlist: netlist
          Floorplan: design_1
      Design limits: <entire design considered>
             Max violations: <unlimited>
             Violations found: 19
+-----------+----------+-------------------------------+------------+
| Rule      | Severity | Description                   | Violations |
+-----------+----------+-------------------------------+------------+
| TIMING-18 | Warning  | Missing input or output delay | 19         |
+-----------+----------+-------------------------------+------------+

2. REPORT DETAILS
-----------------
TIMING-18#1 Warning
Missing input or output delay  
An input delay is missing on rst_i relative to clock(s) clk_i
Related violations: <none>

TIMING-18#2 Warning
Missing input or output delay  
An input delay is missing on start_i relative to clock(s) clk_i
Related violations: <none>

TIMING-18#3 Warning
Missing input or output delay  
An input delay is missing on x_bi[0] relative to clock(s) clk_i
Related violations: <none>

TIMING-18#4 Warning
Missing input or output delay  
An input delay is missing on x_bi[1] relative to clock(s) clk_i
Related violations: <none>

TIMING-18#5 Warning
Missing input or output delay  
An input delay is missing on x_bi[2] relative to clock(s) clk_i
Related violations: <none>

TIMING-18#6 Warning
Missing input or output delay  
An input delay is missing on x_bi[3] relative to clock(s) clk_i
Related violations: <none>

TIMING-18#7 Warning
Missing input or output delay  
An input delay is missing on x_bi[4] relative to clock(s) clk_i
Related violations: <none>

TIMING-18#8 Warning
Missing input or output delay  
An input delay is missing on x_bi[5] relative to clock(s) clk_i
Related violations: <none>

TIMING-18#9 Warning
Missing input or output delay  
An input delay is missing on x_bi[6] relative to clock(s) clk_i
Related violations: <none>

TIMING-18#10 Warning
Missing input or output delay  
An input delay is missing on x_bi[7] relative to clock(s) clk_i
Related violations: <none>

TIMING-18#11 Warning
Missing input or output delay  
An output delay is missing on busy_o relative to clock(s) clk_i
Related violations: <none>

TIMING-18#12 Warning
Missing input or output delay  
An output delay is missing on y_bo[0] relative to clock(s) clk_i
Related violations: <none>

TIMING-18#13 Warning
Missing input or output delay  
An output delay is missing on y_bo[1] relative to clock(s) clk_i
Related violations: <none>

TIMING-18#14 Warning
Missing input or output delay  
An output delay is missing on y_bo[2] relative to clock(s) clk_i
Related violations: <none>

TIMING-18#15 Warning
Missing input or output delay  
An output delay is missing on y_bo[3] relative to clock(s) clk_i
Related violations: <none>

TIMING-18#16 Warning
Missing input or output delay  
An output delay is missing on y_bo[4] relative to clock(s) clk_i
Related violations: <none>

TIMING-18#17 Warning
Missing input or output delay  
An output delay is missing on y_bo[5] relative to clock(s) clk_i
Related violations: <none>

TIMING-18#18 Warning
Missing input or output delay  
An output delay is missing on y_bo[6] relative to clock(s) clk_i
Related violations: <none>

TIMING-18#19 Warning
Missing input or output delay  
An output delay is missing on y_bo[7] relative to clock(s) clk_i
Related violations: <none>


